{"total": {"lines":{"total":20,"covered":16,"skipped":0,"pct":80},"statements":{"total":24,"covered":19,"skipped":0,"pct":79.16},"functions":{"total":9,"covered":8,"skipped":0,"pct":88.88},"branches":{"total":8,"covered":4,"skipped":0,"pct":50},"branchesTrue":{"total":0,"covered":0,"skipped":0,"pct":"Unknown"}}
,"/usr/workspace/_kyleryu-fixtures/legacy-cli-toolkit/src/index.js": {"lines":{"total":20,"covered":16,"skipped":0,"pct":80},"functions":{"total":9,"covered":8,"skipped":0,"pct":88.88},"statements":{"total":24,"covered":19,"skipped":0,"pct":79.16},"branches":{"total":8,"covered":4,"skipped":0,"pct":50}}
}
