TN:
SF:src/index.js
FN:5,slugify
FN:13,truncate
FN:18,wordCount
FN:24,bumpVersion
FN:28,isCompatible
FN:32,chunk
FN:40,titleCase
FN:43,(anonymous_7)
FN:46,pad
FNF:9
FNH:8
FNDA:2,slugify
FNDA:2,truncate
FNDA:2,wordCount
FNDA:1,bumpVersion
FNDA:1,isCompatible
FNDA:2,chunk
FNDA:2,titleCase
FNDA:4,(anonymous_7)
FNDA:0,pad
DA:3,1
DA:6,2
DA:14,2
DA:15,1
DA:19,2
DA:20,2
DA:21,1
DA:25,1
DA:29,1
DA:33,2
DA:34,2
DA:35,3
DA:37,2
DA:41,2
DA:43,4
DA:47,0
DA:48,0
DA:49,0
DA:50,0
DA:53,1
LF:20
LH:16
BRDA:14,0,0,1
BRDA:14,0,1,1
BRDA:20,1,0,1
BRDA:20,1,1,1
BRDA:47,2,0,0
BRDA:47,2,1,0
BRDA:49,3,0,0
BRDA:49,3,1,0
BRF:8
BRH:4
end_of_record
